Copyright 1986-2018 Xilinx, Inc. All Rights Reserved.
------------------------------------------------------------------------------------------------------
| Tool Version : Vivado v.2018.2 (win64) Build 2258646 Thu Jun 14 20:03:12 MDT 2018
| Date         : Mon Dec  3 17:30:41 2018
| Host         : KayKay running 64-bit major release  (build 9200)
| Command      : report_drc -file T8052_drc_opted.rpt -pb T8052_drc_opted.pb -rpx T8052_drc_opted.rpx
| Design       : T8052
| Device       : xc7a35tcsg324-2
| Speed File   : -2
| Design State : Synthesized
------------------------------------------------------------------------------------------------------

Report DRC

Table of Contents
-----------------
1. REPORT SUMMARY
2. REPORT DETAILS

1. REPORT SUMMARY
-----------------
            Netlist: netlist
          Floorplan: design_1
      Design limits: <entire design considered>
           Ruledeck: default
             Max violations: <unlimited>
             Violations found: 2
+-------------+----------+-------------------------------------------------------------+------------+
| Rule        | Severity | Description                                                 | Violations |
+-------------+----------+-------------------------------------------------------------+------------+
| PLHOLDVIO-2 | Warning  | Non-Optimal connections which could lead to hold violations | 2          |
+-------------+----------+-------------------------------------------------------------+------------+

2. REPORT DETAILS
-----------------
PLHOLDVIO-2#1 Warning
Non-Optimal connections which could lead to hold violations  
A LUT mod_sel_ins/A_r[10]_i_2 is driving clock pin of 23 cells. This could lead to large hold time violations. First few involved cells are:
    rom/A_r_reg[0] {FDRE}
    rom/A_r_reg[0]_rep {FDRE}
    rom/A_r_reg[0]_rep__0 {FDRE}
    rom/A_r_reg[10] {FDRE}
    rom/A_r_reg[1] {FDRE}
    rom/A_r_reg[1]_rep {FDRE}
    rom/A_r_reg[1]_rep__0 {FDRE}
    rom/A_r_reg[2] {FDRE}
    rom/A_r_reg[2]_rep {FDRE}

Related violations: <none>

PLHOLDVIO-2#2 Warning
Non-Optimal connections which could lead to hold violations  
A LUT recv_ins/A_r_s[10]_i_1 is driving clock pin of 19 cells. This could lead to large hold time violations. First few involved cells are:
    rom/A_r_s_reg[0] {FDRE}
    rom/A_r_s_reg[10] {FDRE}
    rom/A_r_s_reg[1] {FDRE}
    rom/A_r_s_reg[2] {FDRE}
    rom/A_r_s_reg[3] {FDRE}
    rom/A_r_s_reg[4] {FDRE}
    rom/A_r_s_reg[5] {FDRE}
    rom/A_r_s_reg[6] {FDRE}
    rom/A_r_s_reg[7] {FDRE}

Related violations: <none>


