Copyright 1986-2018 Xilinx, Inc. All Rights Reserved.
-------------------------------------------------------------------------------------------------------------------------------------
| Tool Version     : Vivado v.2018.2 (win64) Build 2258646 Thu Jun 14 20:03:12 MDT 2018
| Date             : Mon Nov 26 12:43:07 2018
| Host             : KayKay running 64-bit major release  (build 9200)
| Command          : report_power -file T8052_power_routed.rpt -pb T8052_power_summary_routed.pb -rpx T8052_power_routed.rpx
| Design           : T8052
| Device           : xc7a35tcsg324-2
| Design State     : routed
| Grade            : commercial
| Process          : typical
| Characterization : Production
-------------------------------------------------------------------------------------------------------------------------------------

Power Report

Table of Contents
-----------------
1. Summary
1.1 On-Chip Components
1.2 Power Supply Summary
1.3 Confidence Level
2. Settings
2.1 Environment
2.2 Clock Constraints
3. Detailed Reports
3.1 By Hierarchy

1. Summary
----------

+--------------------------+--------------+
| Total On-Chip Power (W)  | 0.085        |
| Design Power Budget (W)  | Unspecified* |
| Power Budget Margin (W)  | NA           |
| Dynamic (W)              | 0.013        |
| Device Static (W)        | 0.072        |
| Effective TJA (C/W)      | 4.8          |
| Max Ambient (C)          | 84.6         |
| Junction Temperature (C) | 25.4         |
| Confidence Level         | Low          |
| Setting File             | ---          |
| Simulation Activity File | ---          |
| Design Nets Matched      | NA           |
+--------------------------+--------------+
* Specify Design Power Budget using, set_operating_conditions -design_power_budget <value in Watts>


1.1 On-Chip Components
----------------------

+--------------------------+-----------+----------+-----------+-----------------+
| On-Chip                  | Power (W) | Used     | Available | Utilization (%) |
+--------------------------+-----------+----------+-----------+-----------------+
| Clocks                   |     0.002 |        3 |       --- |             --- |
| Slice Logic              |     0.004 |    11906 |       --- |             --- |
|   LUT as Logic           |     0.004 |     4510 |     20800 |           21.68 |
|   CARRY4                 |    <0.001 |      314 |      8150 |            3.85 |
|   Register               |    <0.001 |     5694 |     41600 |           13.69 |
|   BUFG                   |    <0.001 |        6 |        32 |           18.75 |
|   F7/F8 Muxes            |    <0.001 |      647 |     32600 |            1.98 |
|   Others                 |     0.000 |       35 |       --- |             --- |
|   LUT as Distributed RAM |     0.000 |       48 |      9600 |            0.50 |
| Signals                  |     0.004 |     9465 |       --- |             --- |
| Block RAM                |    <0.001 |      0.5 |        50 |            1.00 |
| I/O                      |     0.002 |       69 |       210 |           32.86 |
| Static Power             |     0.072 |          |           |                 |
| Total                    |     0.085 |          |           |                 |
+--------------------------+-----------+----------+-----------+-----------------+


1.2 Power Supply Summary
------------------------

+-----------+-------------+-----------+-------------+------------+
| Source    | Voltage (V) | Total (A) | Dynamic (A) | Static (A) |
+-----------+-------------+-----------+-------------+------------+
| Vccint    |       1.000 |     0.021 |       0.011 |      0.010 |
| Vccaux    |       1.800 |     0.013 |       0.000 |      0.013 |
| Vcco33    |       3.300 |     0.002 |       0.001 |      0.001 |
| Vcco25    |       2.500 |     0.000 |       0.000 |      0.000 |
| Vcco18    |       1.800 |     0.000 |       0.000 |      0.000 |
| Vcco15    |       1.500 |     0.000 |       0.000 |      0.000 |
| Vcco135   |       1.350 |     0.000 |       0.000 |      0.000 |
| Vcco12    |       1.200 |     0.000 |       0.000 |      0.000 |
| Vccaux_io |       1.800 |     0.000 |       0.000 |      0.000 |
| Vccbram   |       1.000 |     0.000 |       0.000 |      0.000 |
| MGTAVcc   |       1.000 |     0.000 |       0.000 |      0.000 |
| MGTAVtt   |       1.200 |     0.000 |       0.000 |      0.000 |
| Vccadc    |       1.800 |     0.020 |       0.000 |      0.020 |
+-----------+-------------+-----------+-------------+------------+


1.3 Confidence Level
--------------------

+-----------------------------+------------+--------------------------------------------------------+--------------------------------------------------------------------------------------------------------------------+
| User Input Data             | Confidence | Details                                                | Action                                                                                                             |
+-----------------------------+------------+--------------------------------------------------------+--------------------------------------------------------------------------------------------------------------------+
| Design implementation state | High       | Design is routed                                       |                                                                                                                    |
| Clock nodes activity        | Low        | User specified less than 75% of clocks                 | Provide missing clock activity with a constraint file, simulation results or by editing the "By Clock Domain" view |
| I/O nodes activity          | Low        | More than 75% of inputs are missing user specification | Provide missing input activity with simulation results or by editing the "By Resource Type -> I/Os" view           |
| Internal nodes activity     | Medium     | User specified less than 25% of internal nodes         | Provide missing internal nodes activity with simulation results or by editing the "By Resource Type" views         |
| Device models               | High       | Device models are Production                           |                                                                                                                    |
|                             |            |                                                        |                                                                                                                    |
| Overall confidence level    | Low        |                                                        |                                                                                                                    |
+-----------------------------+------------+--------------------------------------------------------+--------------------------------------------------------------------------------------------------------------------+


2. Settings
-----------

2.1 Environment
---------------

+-----------------------+--------------------------+
| Ambient Temp (C)      | 25.0                     |
| ThetaJA (C/W)         | 4.8                      |
| Airflow (LFM)         | 250                      |
| Heat Sink             | medium (Medium Profile)  |
| ThetaSA (C/W)         | 4.6                      |
| Board Selection       | medium (10"x10")         |
| # of Board Layers     | 12to15 (12 to 15 Layers) |
| Board Temperature (C) | 25.0                     |
+-----------------------+--------------------------+


2.2 Clock Constraints
---------------------

+--------+--------+-----------------+
| Clock  | Domain | Constraint (ns) |
+--------+--------+-----------------+
| Clk_in | Clk_in |            10.0 |
+--------+--------+-----------------+


3. Detailed Reports
-------------------

3.1 By Hierarchy
----------------

+-----------------------------+-----------+
| Name                        | Power (W) |
+-----------------------------+-----------+
| T8052                       |     0.013 |
|   P0_IOBUF[0]_inst          |     0.000 |
|   P0_IOBUF[1]_inst          |     0.000 |
|   P0_IOBUF[2]_inst          |     0.000 |
|   P0_IOBUF[3]_inst          |     0.000 |
|   P0_IOBUF[4]_inst          |     0.000 |
|   P0_IOBUF[5]_inst          |     0.000 |
|   P0_IOBUF[6]_inst          |     0.000 |
|   P0_IOBUF[7]_inst          |     0.000 |
|   P1_IOBUF[0]_inst          |     0.000 |
|   P1_IOBUF[1]_inst          |     0.000 |
|   P1_IOBUF[2]_inst          |     0.000 |
|   P1_IOBUF[3]_inst          |     0.000 |
|   P1_IOBUF[4]_inst          |     0.000 |
|   P1_IOBUF[5]_inst          |     0.000 |
|   P1_IOBUF[6]_inst          |     0.000 |
|   P1_IOBUF[7]_inst          |     0.000 |
|   P2_IOBUF[0]_inst          |     0.000 |
|   P2_IOBUF[1]_inst          |     0.000 |
|   P2_IOBUF[2]_inst          |     0.000 |
|   P2_IOBUF[3]_inst          |     0.000 |
|   P2_IOBUF[4]_inst          |     0.000 |
|   P2_IOBUF[5]_inst          |     0.000 |
|   P2_IOBUF[6]_inst          |     0.000 |
|   P2_IOBUF[7]_inst          |     0.000 |
|   P3_IOBUF[0]_inst          |     0.000 |
|   P3_IOBUF[1]_inst          |     0.000 |
|   P3_IOBUF[2]_inst          |     0.000 |
|   P3_IOBUF[3]_inst          |     0.000 |
|   P3_IOBUF[4]_inst          |     0.000 |
|   P3_IOBUF[5]_inst          |     0.000 |
|   P3_IOBUF[6]_inst          |     0.000 |
|   P3_IOBUF[7]_inst          |     0.000 |
|   core51                    |     0.001 |
|     Generic_MODEL.ram       |    <0.001 |
|       IRAMB_reg_0_63_0_2    |     0.000 |
|       IRAMB_reg_0_63_3_5    |     0.000 |
|       IRAMB_reg_0_63_6_6    |     0.000 |
|       IRAMB_reg_0_63_7_7    |     0.000 |
|       IRAMB_reg_128_191_0_2 |     0.000 |
|       IRAMB_reg_128_191_3_5 |     0.000 |
|       IRAMB_reg_128_191_6_6 |     0.000 |
|       IRAMB_reg_128_191_7_7 |     0.000 |
|       IRAMB_reg_192_255_0_2 |     0.000 |
|       IRAMB_reg_192_255_3_5 |     0.000 |
|       IRAMB_reg_192_255_6_6 |     0.000 |
|       IRAMB_reg_192_255_7_7 |     0.000 |
|       IRAMB_reg_64_127_0_2  |     0.000 |
|       IRAMB_reg_64_127_3_5  |     0.000 |
|       IRAMB_reg_64_127_6_6  |     0.000 |
|       IRAMB_reg_64_127_7_7  |     0.000 |
|     alu                     |    <0.001 |
|       md                    |    <0.001 |
|   glue51                    |    <0.001 |
|   lcd                       |     0.003 |
|   recv_ins                  |     0.001 |
|   rom                       |     0.001 |
|   tc01                      |    <0.001 |
|   tc2                       |    <0.001 |
|   tp0                       |     0.000 |
|   tp1                       |    <0.001 |
|   tp2                       |     0.000 |
|   tp3                       |     0.000 |
|   trans_ins                 |    <0.001 |
|   uart                      |    <0.001 |
+-----------------------------+-----------+


